1491766874975	geckodriver	INFO	Listening on 127.0.0.1:55281
1491766876032	mozprofile::profile	INFO	Using profile path /tmp/rust_mozprofile.dp0KDDXgNKUc
1491766876033	geckodriver::marionette	INFO	Starting browser /usr/bin/firefox with args []
1491766876036	geckodriver::marionette	INFO	Connecting to Marionette on localhost:34819
1491766876859	addons.manager	DEBUG	Application has been upgraded
1491766876875	addons.manager	DEBUG	Loaded provider scope for resource://gre/modules/addons/XPIProvider.jsm: ["XPIProvider"]
1491766876877	addons.manager	DEBUG	Loaded provider scope for resource://gre/modules/LightweightThemeManager.jsm: ["LightweightThemeManager"]
1491766876881	addons.manager	DEBUG	Loaded provider scope for resource://gre/modules/addons/GMPProvider.jsm
1491766876882	addons.manager	DEBUG	Loaded provider scope for resource://gre/modules/addons/PluginProvider.jsm
1491766876883	addons.manager	DEBUG	Starting provider: XPIProvider
1491766876883	addons.xpi	DEBUG	startup
1491766876884	addons.xpi	INFO	SystemAddonInstallLocation directory is missing
1491766876885	addons.xpi	INFO	Mapping aushelper@mozilla.org to /usr/lib/firefox/browser/features/aushelper@mozilla.org.xpi
1491766876885	addons.xpi	INFO	Mapping e10srollout@mozilla.org to /usr/lib/firefox/browser/features/e10srollout@mozilla.org.xpi
1491766876885	addons.xpi	INFO	Mapping webcompat@mozilla.org to /usr/lib/firefox/browser/features/webcompat@mozilla.org.xpi
1491766876885	addons.xpi	INFO	Mapping firefox@getpocket.com to /usr/lib/firefox/browser/features/firefox@getpocket.com.xpi
1491766876886	addons.xpi	INFO	Mapping {972ce4c6-7e08-4474-a285-3208198ce6fd} to /usr/lib/firefox/browser/extensions/{972ce4c6-7e08-4474-a285-3208198ce6fd}.xpi
1491766876886	addons.xpi	INFO	Mapping langpack-en-GB@firefox.mozilla.org to /usr/lib/firefox/browser/extensions/langpack-en-GB@firefox.mozilla.org.xpi
1491766876886	addons.xpi	INFO	Mapping langpack-zh-CN@firefox.mozilla.org to /usr/lib/firefox/browser/extensions/langpack-zh-CN@firefox.mozilla.org.xpi
1491766876886	addons.xpi	INFO	Mapping langpack-en-ZA@firefox.mozilla.org to /usr/lib/firefox/browser/extensions/langpack-en-ZA@firefox.mozilla.org.xpi
1491766876887	addons.xpi	DEBUG	checkForChanges
1491766876887	addons.xpi	DEBUG	Loaded add-on state from prefs: {}
1491766876888	addons.xpi	DEBUG	New add-on aushelper@mozilla.org in app-system-defaults
1491766876889	addons.xpi	DEBUG	getModTime: Recursive scan of aushelper@mozilla.org
1491766876889	addons.xpi	DEBUG	New add-on e10srollout@mozilla.org in app-system-defaults
1491766876890	addons.xpi	DEBUG	getModTime: Recursive scan of e10srollout@mozilla.org
1491766876890	addons.xpi	DEBUG	New add-on webcompat@mozilla.org in app-system-defaults
1491766876890	addons.xpi	DEBUG	getModTime: Recursive scan of webcompat@mozilla.org
1491766876891	addons.xpi	DEBUG	New add-on firefox@getpocket.com in app-system-defaults
1491766876891	addons.xpi	DEBUG	getModTime: Recursive scan of firefox@getpocket.com
1491766876891	addons.xpi	DEBUG	New add-on {972ce4c6-7e08-4474-a285-3208198ce6fd} in app-global
1491766876892	addons.xpi	DEBUG	getModTime: Recursive scan of {972ce4c6-7e08-4474-a285-3208198ce6fd}
1491766876892	addons.xpi	DEBUG	New add-on langpack-en-GB@firefox.mozilla.org in app-global
1491766876892	addons.xpi	DEBUG	getModTime: Recursive scan of langpack-en-GB@firefox.mozilla.org
1491766876892	addons.xpi	DEBUG	New add-on langpack-zh-CN@firefox.mozilla.org in app-global
1491766876892	addons.xpi	DEBUG	getModTime: Recursive scan of langpack-zh-CN@firefox.mozilla.org
1491766876892	addons.xpi	DEBUG	New add-on langpack-en-ZA@firefox.mozilla.org in app-global
1491766876893	addons.xpi	DEBUG	getModTime: Recursive scan of langpack-en-ZA@firefox.mozilla.org
1491766876893	addons.xpi	DEBUG	getInstallState changed: true, state: {"app-system-defaults":{"aushelper@mozilla.org":{"d":"/usr/lib/firefox/browser/features/aushelper@mozilla.org.xpi","st":1485985012000},"e10srollout@mozilla.org":{"d":"/usr/lib/firefox/browser/features/e10srollout@mozilla.org.xpi","st":1485985012000},"webcompat@mozilla.org":{"d":"/usr/lib/firefox/browser/features/webcompat@mozilla.org.xpi","st":1485985013000},"firefox@getpocket.com":{"d":"/usr/lib/firefox/browser/features/firefox@getpocket.com.xpi","st":1485985013000}},"app-global":{"{972ce4c6-7e08-4474-a285-3208198ce6fd}":{"d":"/usr/lib/firefox/browser/extensions/{972ce4c6-7e08-4474-a285-3208198ce6fd}.xpi","st":1485985012000},"langpack-en-GB@firefox.mozilla.org":{"d":"/usr/lib/firefox/browser/extensions/langpack-en-GB@firefox.mozilla.org.xpi","st":1485988909000},"langpack-zh-CN@firefox.mozilla.org":{"d":"/usr/lib/firefox/browser/extensions/langpack-zh-CN@firefox.mozilla.org.xpi","st":1490804692000},"langpack-en-ZA@firefox.mozilla.org":{"d":"/usr/lib/firefox/browser/extensions/langpack-en-ZA@firefox.mozilla.org.xpi","st":1485988909000}}}
1491766876899	addons.xpi-utils	DEBUG	Opening XPI database /tmp/rust_mozprofile.dp0KDDXgNKUc/extensions.json
1491766876900	addons.xpi-utils	DEBUG	New add-on aushelper@mozilla.org installed in app-system-defaults
*** Blocklist::_loadBlocklistFromFile: blocklist is disabled
1491766876908	DeferredSave.extensions.json	DEBUG	Save changes
1491766876909	addons.xpi-utils	DEBUG	New add-on e10srollout@mozilla.org installed in app-system-defaults
1491766876911	DeferredSave.extensions.json	DEBUG	Starting timer
1491766876913	DeferredSave.extensions.json	DEBUG	Save changes
1491766876913	addons.xpi-utils	DEBUG	New add-on webcompat@mozilla.org installed in app-system-defaults
1491766876917	DeferredSave.extensions.json	DEBUG	Save changes
1491766876917	addons.xpi-utils	DEBUG	New add-on firefox@getpocket.com installed in app-system-defaults
1491766876921	DeferredSave.extensions.json	DEBUG	Save changes
1491766876922	addons.xpi-utils	DEBUG	New add-on {972ce4c6-7e08-4474-a285-3208198ce6fd} installed in app-global
1491766876925	DeferredSave.extensions.json	DEBUG	Save changes
1491766876925	addons.xpi-utils	DEBUG	New add-on langpack-en-GB@firefox.mozilla.org installed in app-global
1491766876933	DeferredSave.extensions.json	DEBUG	Save changes
1491766876934	addons.xpi-utils	DEBUG	New add-on langpack-zh-CN@firefox.mozilla.org installed in app-global
1491766876940	addons.xpi	WARN	Add-on langpack-zh-CN@firefox.mozilla.org is not compatible with application version.
1491766876941	addons.xpi	WARN	Add-on langpack-zh-CN@firefox.mozilla.org is not compatible with application version.
1491766876941	DeferredSave.extensions.json	DEBUG	Save changes
1491766876941	addons.xpi-utils	DEBUG	New add-on langpack-en-ZA@firefox.mozilla.org installed in app-global
1491766876948	DeferredSave.extensions.json	DEBUG	Save changes
1491766876949	addons.manager	DEBUG	Registering startup change 'installed' for aushelper@mozilla.org
1491766876955	addons.xpi	DEBUG	Loading bootstrap scope from /usr/lib/firefox/browser/features/aushelper@mozilla.org.xpi
1491766876958	addons.xpi	DEBUG	Calling bootstrap method install on aushelper@mozilla.org version 1.0
1491766876958	addons.xpi-utils	DEBUG	Make addon app-system-defaults:aushelper@mozilla.org visible
1491766876958	DeferredSave.extensions.json	DEBUG	Save changes
1491766876959	addons.manager	DEBUG	Registering startup change 'installed' for e10srollout@mozilla.org
1491766876959	addons.xpi	DEBUG	Loading bootstrap scope from /usr/lib/firefox/browser/features/e10srollout@mozilla.org.xpi
1491766876961	addons.xpi	DEBUG	Calling bootstrap method install on e10srollout@mozilla.org version 1.7
1491766876961	addons.xpi-utils	DEBUG	Make addon app-system-defaults:e10srollout@mozilla.org visible
1491766876961	DeferredSave.extensions.json	DEBUG	Save changes
1491766876962	addons.manager	DEBUG	Registering startup change 'installed' for webcompat@mozilla.org
1491766876962	addons.xpi	DEBUG	Loading bootstrap scope from /usr/lib/firefox/browser/features/webcompat@mozilla.org.xpi
1491766876963	addons.xpi	DEBUG	Calling bootstrap method install on webcompat@mozilla.org version 1.0
1491766876963	addons.xpi-utils	DEBUG	Make addon app-system-defaults:webcompat@mozilla.org visible
1491766876964	DeferredSave.extensions.json	DEBUG	Save changes
1491766876964	addons.manager	DEBUG	Registering startup change 'installed' for firefox@getpocket.com
1491766876964	addons.xpi	DEBUG	Loading bootstrap scope from /usr/lib/firefox/browser/features/firefox@getpocket.com.xpi
1491766876967	addons.xpi	DEBUG	Calling bootstrap method install on firefox@getpocket.com version 1.0.5
1491766876967	addons.xpi-utils	DEBUG	Make addon app-system-defaults:firefox@getpocket.com visible
1491766876967	DeferredSave.extensions.json	DEBUG	Save changes
1491766876967	addons.xpi-utils	DEBUG	Make addon app-global:{972ce4c6-7e08-4474-a285-3208198ce6fd} visible
1491766876967	DeferredSave.extensions.json	DEBUG	Save changes
1491766876967	addons.manager	DEBUG	Registering startup change 'installed' for langpack-en-GB@firefox.mozilla.org
1491766876967	addons.manager	DEBUG	Registering startup change 'installed' for langpack-en-GB@firefox.mozilla.org
1491766876968	addons.xpi-utils	DEBUG	Make addon app-global:langpack-en-GB@firefox.mozilla.org visible
1491766876968	DeferredSave.extensions.json	DEBUG	Save changes
1491766876968	addons.manager	DEBUG	Registering startup change 'installed' for langpack-zh-CN@firefox.mozilla.org
1491766876968	addons.manager	DEBUG	Registering startup change 'installed' for langpack-zh-CN@firefox.mozilla.org
1491766876969	addons.xpi-utils	DEBUG	Make addon app-global:langpack-zh-CN@firefox.mozilla.org visible
1491766876969	DeferredSave.extensions.json	DEBUG	Save changes
1491766876969	addons.manager	DEBUG	Registering startup change 'installed' for langpack-en-ZA@firefox.mozilla.org
1491766876969	addons.manager	DEBUG	Registering startup change 'installed' for langpack-en-ZA@firefox.mozilla.org
1491766876969	addons.xpi-utils	DEBUG	Make addon app-global:langpack-en-ZA@firefox.mozilla.org visible
1491766876969	DeferredSave.extensions.json	DEBUG	Save changes
1491766876970	addons.xpi	DEBUG	Updating XPIState for {"id":"aushelper@mozilla.org","syncGUID":"{bcba4ca1-5030-4e45-b5dc-7dd582db691b}","location":"app-system-defaults","version":"1.0","type":"extension","internalName":null,"updateURL":null,"updateKey":null,"optionsURL":null,"optionsType":null,"aboutURL":null,"icons":{},"iconURL":null,"icon64URL":null,"defaultLocale":{"name":"Application Update Service Helper","description":"Sets value(s) in the update url based on custom checks.","creator":null,"homepageURL":null},"visible":true,"active":true,"userDisabled":false,"appDisabled":false,"descriptor":"/usr/lib/firefox/browser/features/aushelper@mozilla.org.xpi","installDate":1485985012000,"updateDate":1485985012000,"applyBackgroundUpdates":1,"bootstrap":true,"skinnable":false,"size":5975,"sourceURI":null,"releaseNotesURI":null,"softDisabled":false,"foreignInstall":false,"hasBinaryComponents":false,"strictCompatibility":false,"locales":[],"targetApplications":[{"id":"{ec8030f7-c20a-464f-9b0e-13a3a9e97384}","minVersion":"51.0.1","maxVersion":"51.*"}],"targetPlatforms":[],"multiprocessCompatible":true,"seen":true,"dependencies":[],"hasEmbeddedWebExtension":false,"mpcOptedOut":false}
1491766876970	addons.xpi	DEBUG	getModTime: Recursive scan of aushelper@mozilla.org
1491766876970	addons.xpi	DEBUG	Updating XPIState for {"id":"e10srollout@mozilla.org","syncGUID":"{0cbdf70d-ce16-4a24-91c1-9c665c446431}","location":"app-system-defaults","version":"1.7","type":"extension","internalName":null,"updateURL":null,"updateKey":null,"optionsURL":null,"optionsType":null,"aboutURL":null,"icons":{},"iconURL":null,"icon64URL":null,"defaultLocale":{"name":"Multi-process staged rollout","description":"Staged rollout of Firefox multi-process feature.","creator":null,"homepageURL":null},"visible":true,"active":true,"userDisabled":false,"appDisabled":false,"descriptor":"/usr/lib/firefox/browser/features/e10srollout@mozilla.org.xpi","installDate":1485985012000,"updateDate":1485985012000,"applyBackgroundUpdates":1,"bootstrap":true,"skinnable":false,"size":6997,"sourceURI":null,"releaseNotesURI":null,"softDisabled":false,"foreignInstall":false,"hasBinaryComponents":false,"strictCompatibility":false,"locales":[],"targetApplications":[{"id":"{ec8030f7-c20a-464f-9b0e-13a3a9e97384}","minVersion":"51.0.1","maxVersion":"51.*"}],"targetPlatforms":[],"multiprocessCompatible":true,"seen":true,"dependencies":[],"hasEmbeddedWebExtension":false,"mpcOptedOut":false}
1491766876970	addons.xpi	DEBUG	getModTime: Recursive scan of e10srollout@mozilla.org
1491766876970	addons.xpi	DEBUG	Updating XPIState for {"id":"webcompat@mozilla.org","syncGUID":"{76263df1-ab97-4395-bb56-e56b1fe2ebfe}","location":"app-system-defaults","version":"1.0","type":"extension","internalName":null,"updateURL":null,"updateKey":null,"optionsURL":null,"optionsType":null,"aboutURL":null,"icons":{},"iconURL":null,"icon64URL":null,"defaultLocale":{"name":"Web Compat","description":"Urgent post-release fixes for web compatibility.","creator":null,"homepageURL":null},"visible":true,"active":true,"userDisabled":false,"appDisabled":false,"descriptor":"/usr/lib/firefox/browser/features/webcompat@mozilla.org.xpi","installDate":1485985013000,"updateDate":1485985013000,"applyBackgroundUpdates":1,"bootstrap":true,"skinnable":false,"size":1570,"sourceURI":null,"releaseNotesURI":null,"softDisabled":false,"foreignInstall":false,"hasBinaryComponents":false,"strictCompatibility":false,"locales":[],"targetApplications":[{"id":"{ec8030f7-c20a-464f-9b0e-13a3a9e97384}","minVersion":"51.0.1","maxVersion":"51.*"}],"targetPlatforms":[],"multiprocessCompatible":true,"seen":true,"dependencies":[],"hasEmbeddedWebExtension":false,"mpcOptedOut":false}
1491766876971	addons.xpi	DEBUG	getModTime: Recursive scan of webcompat@mozilla.org
1491766876971	addons.xpi	DEBUG	Updating XPIState for {"id":"firefox@getpocket.com","syncGUID":"{2c031ece-bb6d-41fc-9a70-552e43a14555}","location":"app-system-defaults","version":"1.0.5","type":"extension","internalName":null,"updateURL":null,"updateKey":null,"optionsURL":null,"optionsType":null,"aboutURL":null,"icons":{},"iconURL":null,"icon64URL":null,"defaultLocale":{"name":"Pocket","description":"When you find something you want to view later, put it in Pocket.","creator":null,"homepageURL":null},"visible":true,"active":true,"userDisabled":false,"appDisabled":false,"descriptor":"/usr/lib/firefox/browser/features/firefox@getpocket.com.xpi","installDate":1485985013000,"updateDate":1485985013000,"applyBackgroundUpdates":1,"bootstrap":true,"skinnable":false,"size":921011,"sourceURI":null,"releaseNotesURI":null,"softDisabled":false,"foreignInstall":false,"hasBinaryComponents":false,"strictCompatibility":false,"locales":[],"targetApplications":[{"id":"{ec8030f7-c20a-464f-9b0e-13a3a9e97384}","minVersion":"51.0.1","maxVersion":"51.*"}],"targetPlatforms":[],"multiprocessCompatible":true,"seen":true,"dependencies":[],"hasEmbeddedWebExtension":false,"mpcOptedOut":false}
1491766876971	addons.xpi	DEBUG	getModTime: Recursive scan of firefox@getpocket.com
1491766876971	addons.xpi	DEBUG	Updating XPIState for {"id":"{972ce4c6-7e08-4474-a285-3208198ce6fd}","syncGUID":"{528b10ff-b33c-4736-a2f9-dad0d29363de}","location":"app-global","version":"51.0.1","type":"theme","internalName":"classic/1.0","updateURL":null,"updateKey":null,"optionsURL":null,"optionsType":null,"aboutURL":null,"icons":{"32":"icon.png","48":"icon.png"},"iconURL":null,"icon64URL":null,"defaultLocale":{"name":"Default","description":"The default theme.","creator":"Mozilla","homepageURL":null,"contributors":["Mozilla Contributors"]},"visible":true,"active":true,"userDisabled":false,"appDisabled":false,"descriptor":"/usr/lib/firefox/browser/extensions/{972ce4c6-7e08-4474-a285-3208198ce6fd}.xpi","installDate":1485985012000,"updateDate":1485985012000,"applyBackgroundUpdates":1,"skinnable":true,"size":4932,"sourceURI":null,"releaseNotesURI":null,"softDisabled":false,"foreignInstall":false,"hasBinaryComponents":false,"strictCompatibility":true,"locales":[],"targetApplications":[{"id":"{ec8030f7-c20a-464f-9b0e-13a3a9e97384}","minVersion":"51.0.1","maxVersion":"51.0.1"}],"targetPlatforms":[],"seen":true,"dependencies":[],"hasEmbeddedWebExtension":false}
1491766876971	addons.xpi	DEBUG	getModTime: Recursive scan of {972ce4c6-7e08-4474-a285-3208198ce6fd}
1491766876972	addons.xpi	DEBUG	Updating XPIState for {"id":"langpack-en-GB@firefox.mozilla.org","syncGUID":"{74d7867e-1de0-4e9a-90c3-c4cc505ef31d}","location":"app-global","version":"51.0.1","type":"locale","internalName":null,"updateURL":null,"updateKey":null,"optionsURL":null,"optionsType":null,"aboutURL":null,"icons":{},"iconURL":null,"icon64URL":null,"defaultLocale":{"name":"English (GB) Language Pack","description":null,"creator":"Mark Tyndall","homepageURL":null,"contributors":["David Bartlett","Constantine Murenin","Ian Neal"]},"visible":true,"active":true,"userDisabled":false,"appDisabled":false,"descriptor":"/usr/lib/firefox/browser/extensions/langpack-en-GB@firefox.mozilla.org.xpi","installDate":1485988909000,"updateDate":1485988909000,"applyBackgroundUpdates":1,"bootstrap":true,"skinnable":false,"size":1124968,"sourceURI":null,"releaseNotesURI":null,"softDisabled":false,"foreignInstall":true,"hasBinaryComponents":false,"strictCompatibility":true,"locales":[],"targetApplications":[{"id":"{ec8030f7-c20a-464f-9b0e-13a3a9e97384}","minVersion":"51.0.1","maxVersion":"51.*"}],"targetPlatforms":[],"seen":true,"dependencies":[],"hasEmbeddedWebExtension":false}
1491766876973	addons.xpi	DEBUG	getModTime: Recursive scan of langpack-en-GB@firefox.mozilla.org
1491766876973	addons.xpi	DEBUG	Updating XPIState for {"id":"langpack-zh-CN@firefox.mozilla.org","syncGUID":"{5d8f58de-b155-4029-8802-03e11ff21786}","location":"app-global","version":"52.0.2","type":"locale","internalName":null,"updateURL":null,"updateKey":null,"optionsURL":null,"optionsType":null,"aboutURL":null,"icons":{},"iconURL":null,"icon64URL":null,"defaultLocale":{"name":"Chinese Simplified (zh-CN) Language Pack","description":null,"creator":"Mozest","homepageURL":null,"contributors":["Wen Shaohua","Jin Jian","Rongjun Mu","Xie Yanbo","Cathayan","YFdyh000","xcffl","Shen Hao","Liu Xing"]},"visible":true,"active":false,"userDisabled":false,"appDisabled":true,"descriptor":"/usr/lib/firefox/browser/extensions/langpack-zh-CN@firefox.mozilla.org.xpi","installDate":1490804692000,"updateDate":1490804692000,"applyBackgroundUpdates":1,"bootstrap":true,"skinnable":false,"size":1128848,"sourceURI":null,"releaseNotesURI":null,"softDisabled":false,"foreignInstall":true,"hasBinaryComponents":false,"strictCompatibility":true,"locales":[],"targetApplications":[{"id":"{ec8030f7-c20a-464f-9b0e-13a3a9e97384}","minVersion":"52.0.2","maxVersion":"52.*"}],"targetPlatforms":[],"seen":true,"dependencies":[],"hasEmbeddedWebExtension":false}
1491766876973	addons.xpi	DEBUG	Updating XPIState for {"id":"langpack-en-ZA@firefox.mozilla.org","syncGUID":"{105f4d33-3e30-4bfc-98c9-50da6715aa1b}","location":"app-global","version":"51.0.1","type":"locale","internalName":null,"updateURL":null,"updateKey":null,"optionsURL":null,"optionsType":null,"aboutURL":null,"icons":{},"iconURL":null,"icon64URL":null,"defaultLocale":{"name":"English (South Africa) Language Pack","description":null,"creator":"Translate.org.za","homepageURL":null,"contributors":["Translate.org.za","Dwayne Bailey"]},"visible":true,"active":true,"userDisabled":false,"appDisabled":false,"descriptor":"/usr/lib/firefox/browser/extensions/langpack-en-ZA@firefox.mozilla.org.xpi","installDate":1485988909000,"updateDate":1485988909000,"applyBackgroundUpdates":1,"bootstrap":true,"skinnable":false,"size":1159603,"sourceURI":null,"releaseNotesURI":null,"softDisabled":false,"foreignInstall":true,"hasBinaryComponents":false,"strictCompatibility":true,"locales":[],"targetApplications":[{"id":"{ec8030f7-c20a-464f-9b0e-13a3a9e97384}","minVersion":"51.0.1","maxVersion":"51.*"}],"targetPlatforms":[],"seen":true,"dependencies":[],"hasEmbeddedWebExtension":false}
1491766876973	addons.xpi	DEBUG	getModTime: Recursive scan of langpack-en-ZA@firefox.mozilla.org
1491766876974	DeferredSave.extensions.json	DEBUG	Save changes
1491766876974	addons.xpi	DEBUG	Updating database with changes to installed add-ons
1491766876974	addons.xpi-utils	DEBUG	Updating add-on states
1491766876975	addons.xpi-utils	DEBUG	Writing add-ons list
1491766876976	addons.xpi	DEBUG	Registering manifest for /usr/lib/firefox/browser/features/aushelper@mozilla.org.xpi
1491766876976	addons.xpi	DEBUG	Calling bootstrap method startup on aushelper@mozilla.org version 1.0
1491766876977	addons.xpi	DEBUG	Registering manifest for /usr/lib/firefox/browser/features/e10srollout@mozilla.org.xpi
1491766876977	addons.xpi	DEBUG	Calling bootstrap method startup on e10srollout@mozilla.org version 1.7
1491766876978	addons.xpi	DEBUG	Registering manifest for /usr/lib/firefox/browser/features/firefox@getpocket.com.xpi
1491766876978	addons.xpi	DEBUG	Calling bootstrap method startup on firefox@getpocket.com version 1.0.5
1491766876979	addons.xpi	DEBUG	Registering manifest for /usr/lib/firefox/browser/extensions/langpack-en-GB@firefox.mozilla.org.xpi
1491766876980	addons.xpi	DEBUG	Registering manifest for /usr/lib/firefox/browser/extensions/langpack-en-ZA@firefox.mozilla.org.xpi
1491766876981	addons.xpi	DEBUG	Registering manifest for /usr/lib/firefox/browser/features/webcompat@mozilla.org.xpi
1491766876981	addons.xpi	DEBUG	Calling bootstrap method startup on webcompat@mozilla.org version 1.0
1491766876982	addons.manager	DEBUG	Registering shutdown blocker for XPIProvider
1491766876983	addons.manager	DEBUG	Provider finished startup: XPIProvider
1491766876983	addons.manager	DEBUG	Starting provider: LightweightThemeManager
1491766876983	addons.manager	DEBUG	Registering shutdown blocker for LightweightThemeManager
1491766876983	addons.manager	DEBUG	Provider finished startup: LightweightThemeManager
1491766876983	addons.manager	DEBUG	Starting provider: GMPProvider
1491766876988	addons.manager	DEBUG	Registering shutdown blocker for GMPProvider
1491766876988	addons.manager	DEBUG	Provider finished startup: GMPProvider
1491766876988	addons.manager	DEBUG	Starting provider: PluginProvider
1491766876989	addons.manager	DEBUG	Registering shutdown blocker for PluginProvider
1491766876989	addons.manager	DEBUG	Provider finished startup: PluginProvider
1491766876989	addons.manager	DEBUG	Completed startup sequence
1491766877373	Marionette	INFO	Listening on port 34819
1491766878284	addons.manager	DEBUG	Starting provider: <unnamed-provider>
1491766878284	addons.manager	DEBUG	Registering shutdown blocker for <unnamed-provider>
1491766878285	addons.manager	DEBUG	Provider finished startup: <unnamed-provider>
1491766878296	addons.manager	DEBUG	Starting provider: PreviousExperimentProvider
1491766878296	addons.manager	DEBUG	Registering shutdown blocker for PreviousExperimentProvider
1491766878296	addons.manager	DEBUG	Provider finished startup: PreviousExperimentProvider
1491766878299	DeferredSave.extensions.json	DEBUG	Starting write
1491766878400	DeferredSave.extensions.json	DEBUG	Write succeeded
1491766878401	addons.xpi-utils	DEBUG	XPI Database saved, setting schema version preference to 19
1491766890864	addons.xpi	DEBUG	Calling bootstrap method shutdown on webcompat@mozilla.org version 1.0
1491766890864	addons.xpi	DEBUG	Calling bootstrap method shutdown on firefox@getpocket.com version 1.0.5
1491766890865	addons.xpi	DEBUG	Calling bootstrap method shutdown on e10srollout@mozilla.org version 1.7
1491766890866	addons.xpi	DEBUG	Calling bootstrap method shutdown on aushelper@mozilla.org version 1.0
1491766892070	addons.manager	DEBUG	shutdown
1491766892071	addons.manager	DEBUG	Calling shutdown blocker for XPIProvider
1491766892071	addons.xpi	DEBUG	shutdown
1491766892071	addons.xpi-utils	DEBUG	shutdown
1491766892072	addons.manager	DEBUG	Calling shutdown blocker for LightweightThemeManager
1491766892072	addons.manager	DEBUG	Calling shutdown blocker for GMPProvider
1491766892074	addons.manager	DEBUG	Calling shutdown blocker for PluginProvider
1491766892075	addons.manager	DEBUG	Calling shutdown blocker for <unnamed-provider>
1491766892076	addons.manager	DEBUG	Calling shutdown blocker for PreviousExperimentProvider
1491766892079	addons.xpi	DEBUG	Notifying XPI shutdown observers
1491766892083	addons.manager	DEBUG	Async provider shutdown done
